action: python3.9, msg: envreport
cwd: /home/ac/Desktop/MLOps/DatabaseConnecter
cmd: /home/ac/Desktop/MLOps/DatabaseConnecter/.tox/python3.9/bin/python -m pip freeze
black==22.8.0
click==8.1.7
databaseautomation==0.0.3
distlib==0.3.8
dnspython==2.6.1
ensure==1.0.2
exceptiongroup==1.2.0
filelock==3.13.1
flake8==5.0.4
iniconfig==2.0.0
mccabe==0.7.0
mypy==0.971
mypy-extensions==1.0.0
numpy==1.24.4
packaging==23.2
pandas==2.0.3
pathspec==0.12.1
platformdirs==4.2.0
pluggy==1.4.0
py==1.11.0
py-youtube==1.1.7
pycodestyle==2.9.1
pyflakes==2.5.0
pymongo==4.6.2
pytest==8.0.1
python-dateutil==2.8.2
pytz==2024.1
six==1.16.0
toml==0.10.2
tomli==2.0.1
tox==3.25.1
typing-extensions==4.9.0
tzdata==2024.1
virtualenv==20.25.1
